{
  "0 debug pnpm:scope": {
    "selected": 1,
    "workspacePrefix": "/Users/alex/projects/personal"
  },
  "1 info pnpm": {
    "err": {
      "name": "Error",
      "message": "not found: build",
      "code": "ENOENT",
      "stack": "Error: not found: build\n    at getNotFoundError (/Users/alex/.nvm/versions/node/v14.15.1/lib/node_modules/pnpm/dist/pnpm.cjs:41585:51)\n    at Function.whichSync [as sync] (/Users/alex/.nvm/versions/node/v14.15.1/lib/node_modules/pnpm/dist/pnpm.cjs:41662:13)\n    at getCommandAbsolutePathSync (/Users/alex/.nvm/versions/node/v14.15.1/lib/node_modules/pnpm/dist/pnpm.cjs:43227:44)\n    at default_1 (/Users/alex/.nvm/versions/node/v14.15.1/lib/node_modules/pnpm/dist/pnpm.cjs:43236:32)\n    at /Users/alex/.nvm/versions/node/v14.15.1/lib/node_modules/pnpm/dist/pnpm.cjs:178180:39"
    }
  },
  "2 error pnpm": {
    "code": "ERR_PNPM_RECURSIVE_EXEC_FIRST_FAIL",
    "prefix": "/Users/alex/projects/personal",
    "err": {
      "name": "pnpm",
      "message": "not found: build",
      "code": "ERR_PNPM_RECURSIVE_EXEC_FIRST_FAIL",
      "stack": "Error: not found: build\n    at getNotFoundError (/Users/alex/.nvm/versions/node/v14.15.1/lib/node_modules/pnpm/dist/pnpm.cjs:41585:51)\n    at Function.whichSync [as sync] (/Users/alex/.nvm/versions/node/v14.15.1/lib/node_modules/pnpm/dist/pnpm.cjs:41662:13)\n    at getCommandAbsolutePathSync (/Users/alex/.nvm/versions/node/v14.15.1/lib/node_modules/pnpm/dist/pnpm.cjs:43227:44)\n    at default_1 (/Users/alex/.nvm/versions/node/v14.15.1/lib/node_modules/pnpm/dist/pnpm.cjs:43236:32)\n    at /Users/alex/.nvm/versions/node/v14.15.1/lib/node_modules/pnpm/dist/pnpm.cjs:178180:39"
    }
  }
}