{
  "0 debug pnpm:scope": {
    "selected": 1,
    "workspacePrefix": "/Users/alex/projects/personal"
  },
  "1 error pnpm": {
    "errno": 1,
    "code": "ELIFECYCLE",
    "pkgid": "@me/utils@",
    "stage": "build",
    "script": "tsc --build tsconfig.build.json",
    "pkgname": "@me/utils",
    "err": {
      "name": "pnpm",
      "message": "@me/utils@ build: `tsc --build tsconfig.build.json`\nExit status 1",
      "code": "ELIFECYCLE",
      "stack": "pnpm: @me/utils@ build: `tsc --build tsconfig.build.json`\nExit status 1\n    at EventEmitter.<anonymous> (/Users/alex/.nvm/versions/node/v14.15.1/lib/node_modules/pnpm/dist/pnpm.cjs:105724:20)\n    at EventEmitter.emit (events.js:315:20)\n    at ChildProcess.<anonymous> (/Users/alex/.nvm/versions/node/v14.15.1/lib/node_modules/pnpm/dist/pnpm.cjs:92285:18)\n    at ChildProcess.emit (events.js:315:20)\n    at maybeClose (internal/child_process.js:1048:16)\n    at Process.ChildProcess._handle.onexit (internal/child_process.js:288:5)"
    }
  },
  "2 warn pnpm:global": " Local package.json exists, but node_modules missing, did you mean to install?"
}